  AddUser.cpp
  AddWarehouse.cpp
  AdminConsole.cpp
  Dimentional.cpp
  Display.cpp
  Finishing.cpp
  Login.cpp
  ManageUsers.cpp
  ManageWarehouses.cpp
  Order.cpp
  Plywood.cpp
  Rail.cpp
  Ship.cpp
  Source.cpp
  Users.cpp
  Warehouse.cpp
  Wood.cpp
  Generating Code...
  .NETFramework,Version=v4.7.2.AssemblyAttributes.cpp
  AddUser.obj : MSIL module encountered; incremental linking is disabled for MSIL; performing full link
  Warhouse.vcxproj -> C:\Users\aavin\OneDrive\Desktop\Warhouse\x64\Debug\Warhouse.exe
