c:\users\aavin\source\repos\warhouse\warhouse\debug\vc142.pdb
c:\users\aavin\source\repos\warhouse\warhouse\debug\ship.obj
c:\users\aavin\source\repos\warhouse\warhouse\debug\order.obj
c:\users\aavin\source\repos\warhouse\warhouse\debug\managewarehouses.obj
c:\users\aavin\source\repos\warhouse\warhouse\debug\manageusers.obj
c:\users\aavin\source\repos\warhouse\warhouse\debug\login.obj
c:\users\aavin\source\repos\warhouse\warhouse\debug\display.obj
c:\users\aavin\source\repos\warhouse\warhouse\debug\adminconsole.obj
c:\users\aavin\source\repos\warhouse\warhouse\debug\addwarehouse.obj
c:\users\aavin\source\repos\warhouse\warhouse\debug\adduser.obj
c:\users\aavin\source\repos\warhouse\warhouse\debug\.netframework,version=v4.7.2.assemblyattributes.obj
c:\users\aavin\source\repos\warhouse\warhouse\debug\.netframework,version=v4.7.2.assemblyattributes.asm
c:\users\aavin\source\repos\warhouse\debug\warhouse.exe
c:\users\aavin\source\repos\warhouse\debug\warhouse.pdb
c:\users\aavin\source\repos\warhouse\warhouse\debug\warhouse.adduser.resources
c:\users\aavin\source\repos\warhouse\warhouse\debug\warhouse.addwarehouse.resources
c:\users\aavin\source\repos\warhouse\warhouse\debug\warhouse.adminconsole.resources
c:\users\aavin\source\repos\warhouse\warhouse\debug\warhouse.display.resources
c:\users\aavin\source\repos\warhouse\warhouse\debug\warhouse.login.resources
c:\users\aavin\source\repos\warhouse\warhouse\debug\warhouse.manageusers.resources
c:\users\aavin\source\repos\warhouse\warhouse\debug\warhouse.managewarehouses.resources
c:\users\aavin\source\repos\warhouse\warhouse\debug\warhouse.order.resources
c:\users\aavin\source\repos\warhouse\warhouse\debug\warhouse.ship.resources
c:\users\aavin\source\repos\warhouse\warhouse\debug\warhouse.vcxproj.generateresource.cache
c:\users\aavin\source\repos\warhouse\warhouse\debug\warhouse.vcxprojassemblyreference.cache
c:\users\aavin\source\repos\warhouse\warhouse\debug\warhouse.tlog\cl.command.1.tlog
c:\users\aavin\source\repos\warhouse\warhouse\debug\warhouse.tlog\cl.read.1.tlog
c:\users\aavin\source\repos\warhouse\warhouse\debug\warhouse.tlog\cl.write.1.tlog
c:\users\aavin\source\repos\warhouse\warhouse\debug\warhouse.tlog\link.13132.delete.1.tlog
c:\users\aavin\source\repos\warhouse\warhouse\debug\warhouse.tlog\link.15624.delete.1.tlog
c:\users\aavin\source\repos\warhouse\warhouse\debug\warhouse.tlog\link.20936.delete.1.tlog
c:\users\aavin\source\repos\warhouse\warhouse\debug\warhouse.tlog\link.23416.delete.1.tlog
c:\users\aavin\source\repos\warhouse\warhouse\debug\warhouse.tlog\link.23768.delete.1.tlog
c:\users\aavin\source\repos\warhouse\warhouse\debug\warhouse.tlog\link.24512.delete.1.tlog
c:\users\aavin\source\repos\warhouse\warhouse\debug\warhouse.tlog\link.3268.delete.1.tlog
c:\users\aavin\source\repos\warhouse\warhouse\debug\warhouse.tlog\link.4188.delete.1.tlog
c:\users\aavin\source\repos\warhouse\warhouse\debug\warhouse.tlog\link.5440.delete.1.tlog
c:\users\aavin\source\repos\warhouse\warhouse\debug\warhouse.tlog\link.5804.delete.1.tlog
c:\users\aavin\source\repos\warhouse\warhouse\debug\warhouse.tlog\link.7752.delete.1.tlog
c:\users\aavin\source\repos\warhouse\warhouse\debug\warhouse.tlog\link.8364.delete.1.tlog
c:\users\aavin\source\repos\warhouse\warhouse\debug\warhouse.tlog\link.9564.delete.1.tlog
c:\users\aavin\source\repos\warhouse\warhouse\debug\warhouse.tlog\link.command.1.tlog
c:\users\aavin\source\repos\warhouse\warhouse\debug\warhouse.tlog\link.read.1.tlog
c:\users\aavin\source\repos\warhouse\warhouse\debug\warhouse.tlog\link.write.1.tlog
c:\users\aavin\source\repos\warhouse\warhouse\debug\warhouse.tlog\metagen.read.1.tlog
c:\users\aavin\source\repos\warhouse\warhouse\debug\warhouse.tlog\metagen.write.1.tlog
c:\users\aavin\source\repos\warhouse\warhouse\debug\warhouse.tlog\warhouse.write.1u.tlog
